app/build/outputs/logs/manifest-merger-release-report.txt
-- Merging decision tree log ---
manifest
ADDED from src\main\AndroidManifest.xml:2:1-167:12
	package
		ADDED from src\main\AndroidManifest.xml:3:5-39
		INJECTED from src\main\AndroidManifest.xml
		INJECTED from src\main\AndroidManifest.xml
	android:versionName
		ADDED from src\main\AndroidManifest.xml:5:5-32
		INJECTED from src\main\AndroidManifest.xml
		INJECTED from src\main\AndroidManifest.xml
	android:versionCode
		ADDED from src\main\AndroidManifest.xml:4:5-29
		INJECTED from src\main\AndroidManifest.xml
		INJECTED from src\main\AndroidManifest.xml
	xmlns:android
		ADDED from src\main\AndroidManifest.xml:2:11-69
uses-sdk
ADDED from src\main\AndroidManifest.xml:7:5-9:41
MERGED from [com.crashlytics.sdk.android:crashlytics:2.6.8] AndroidManifest.xml:7:5-43
MERGED from [com.crashlytics.sdk.android:beta:1.2.5] AndroidManifest.xml:7:5-43
MERGED from [com.crashlytics.sdk.android:crashlytics-core:2.3.17] AndroidManifest.xml:50:5-43
MERGED from [com.crashlytics.sdk.android:answers:1.3.13] AndroidManifest.xml:7:5-43
MERGED from [io.fabric.sdk.android:fabric:1.3.17] AndroidManifest.xml:27:5-43
MERGED from [com.kaopiz:kprogresshud:1.1.0] AndroidManifest.xml:7:5-9:41
MERGED from [com.google.android.gms:play-services:9.4.0] AndroidManifest.xml:4:5-42
MERGED from [com.google.android.gms:play-services-ads:9.4.0] AndroidManifest.xml:19:5-42
MERGED from [com.google.android.gms:play-services-ads-lite:9.4.0] AndroidManifest.xml:23:5-42
MERGED from [com.google.android.gms:play-services-analytics:9.4.0] AndroidManifest.xml:18:5-42
MERGED from [com.google.android.gms:play-services-appinvite:9.4.0] AndroidManifest.xml:18:5-42
MERGED from [com.google.android.gms:play-services-auth:9.4.0] AndroidManifest.xml:18:5-43
MERGED from [com.google.android.gms:play-services-auth-base:9.4.0] AndroidManifest.xml:5:5-43
MERGED from [com.google.android.gms:play-services-cast-framework:9.4.0] AndroidManifest.xml:4:5-42
MERGED from [com.google.android.gms:play-services-cast:9.4.0] AndroidManifest.xml:18:5-42
MERGED from [com.android.support:mediarouter-v7:23.0.0] AndroidManifest.xml:20:5-43
MERGED from [com.android.support:appcompat-v7:23.0.0] AndroidManifest.xml:20:5-43
MERGED from [com.google.android.gms:play-services-clearcut:9.4.0] AndroidManifest.xml:18:5-42
MERGED from [com.google.firebase:firebase-config:9.4.0] AndroidManifest.xml:18:5-42
MERGED from [com.google.android.gms:play-services-contextmanager:9.4.0] AndroidManifest.xml:18:5-42
MERGED from [com.google.firebase:firebase-crash:9.4.0] AndroidManifest.xml:22:5-42
MERGED from [com.google.firebase:firebase-auth:9.4.0] AndroidManifest.xml:18:5-43
MERGED from [com.google.firebase:firebase-auth-common:9.4.0] AndroidManifest.xml:18:5-43
MERGED from [com.google.firebase:firebase-auth-module:9.4.0] AndroidManifest.xml:4:5-43
MERGED from [com.google.firebase:firebase-database:9.4.0] AndroidManifest.xml:5:5-43
MERGED from [com.google.firebase:firebase-database-connection:9.4.0] AndroidManifest.xml:5:5-43
MERGED from [com.google.firebase:firebase-messaging:9.4.0] AndroidManifest.xml:18:5-42
MERGED from [com.google.firebase:firebase-storage:9.4.0] AndroidManifest.xml:5:5-43
MERGED from [com.google.firebase:firebase-storage-common:9.4.0] AndroidManifest.xml:5:5-43
MERGED from [com.google.android.gms:play-services-fitness:9.4.0] AndroidManifest.xml:18:5-42
MERGED from [com.google.android.gms:play-services-games:9.4.0] AndroidManifest.xml:18:5-42
MERGED from [com.google.android.gms:play-services-drive:9.4.0] AndroidManifest.xml:18:5-42
MERGED from [com.google.android.gms:play-services-gass:9.4.0] AndroidManifest.xml:18:5-42
MERGED from [com.google.android.gms:play-services-gcm:9.4.0] AndroidManifest.xml:18:5-42
MERGED from [com.google.android.gms:play-services-appindexing:9.4.0] AndroidManifest.xml:18:5-42
MERGED from [com.google.android.gms:play-services-iid:9.4.0] AndroidManifest.xml:18:5-42
MERGED from [com.google.android.gms:play-services-location:9.4.0] AndroidManifest.xml:18:5-42
MERGED from [com.google.android.gms:play-services-nearby:9.4.0] AndroidManifest.xml:4:5-42
MERGED from [com.google.android.gms:play-services-panorama:9.4.0] AndroidManifest.xml:18:5-42
MERGED from [com.google.android.gms:play-services-places:9.4.0] AndroidManifest.xml:18:5-42
MERGED from [com.google.android.gms:play-services-plus:9.4.0] AndroidManifest.xml:18:5-42
MERGED from [com.google.android.gms:play-services-safetynet:9.4.0] AndroidManifest.xml:18:5-42
MERGED from [com.google.android.gms:play-services-tagmanager:9.4.0] AndroidManifest.xml:18:5-42
MERGED from [com.google.android.gms:play-services-analytics-impl:9.4.0] AndroidManifest.xml:18:5-42
MERGED from [com.google.android.gms:play-services-tagmanager-api:9.4.0] AndroidManifest.xml:18:5-42
MERGED from [com.google.firebase:firebase-analytics:9.4.0] AndroidManifest.xml:18:5-42
MERGED from [com.google.firebase:firebase-analytics-impl:9.4.0] AndroidManifest.xml:18:5-42
MERGED from [com.google.firebase:firebase-iid:9.4.0] AndroidManifest.xml:18:5-42
MERGED from [com.google.firebase:firebase-common:9.4.0] AndroidManifest.xml:4:5-43
MERGED from [com.google.android.gms:play-services-vision:9.4.0] AndroidManifest.xml:4:5-42
MERGED from [com.google.android.gms:play-services-wallet:9.4.0] AndroidManifest.xml:19:5-42
MERGED from [com.google.android.gms:play-services-identity:9.4.0] AndroidManifest.xml:18:5-42
MERGED from [com.google.android.gms:play-services-maps:9.4.0] AndroidManifest.xml:26:5-42
MERGED from [com.google.android.gms:play-services-wearable:9.4.0] AndroidManifest.xml:18:5-42
MERGED from [com.google.android.gms:play-services-base:9.4.0] AndroidManifest.xml:18:5-42
MERGED from [com.google.android.gms:play-services-tasks:9.4.0] AndroidManifest.xml:4:5-43
MERGED from [com.google.android.gms:play-services-basement:9.4.0] AndroidManifest.xml:18:5-42
MERGED from [com.android.support:support-v4:23.0.0] AndroidManifest.xml:20:5-43
MERGED from [com.android.support:multidex:1.0.1] AndroidManifest.xml:18:5-42
MERGED from [com.toptoche.searchablespinner:searchablespinnerlibrary:1.3.1] AndroidManifest.xml:7:5-9:41
MERGED from [com.android.support.constraint:constraint-layout:1.0.2] AndroidManifest.xml:5:5-7:41
	android:targetSdkVersion
		ADDED from src\main\AndroidManifest.xml:9:9-38
		INJECTED from src\main\AndroidManifest.xml
		INJECTED from src\main\AndroidManifest.xml
	android:minSdkVersion
		ADDED from src\main\AndroidManifest.xml:8:9-35
		INJECTED from src\main\AndroidManifest.xml
		INJECTED from src\main\AndroidManifest.xml
permission#vn.com.vsc.ptpm.VNPT_DMS.permission.MAPS_RECEIVE
ADDED from src\main\AndroidManifest.xml:11:5-13:47
	android:protectionLevel
		ADDED from src\main\AndroidManifest.xml:13:9-44
	android:name
		ADDED from src\main\AndroidManifest.xml:12:9-72
uses-feature#android.hardware.camera
ADDED from src\main\AndroidManifest.xml:15:5-60
	android:name
		ADDED from src\main\AndroidManifest.xml:15:19-57
uses-permission#android.permission.ACCESS_WIFI_STATE
ADDED from src\main\AndroidManifest.xml:17:5-76
	android:name
		ADDED from src\main\AndroidManifest.xml:17:22-73
uses-permission#android.permission.BLUETOOTH
ADDED from src\main\AndroidManifest.xml:18:5-68
	android:name
		ADDED from src\main\AndroidManifest.xml:18:22-65
uses-permission#android.permission.BLUETOOTH_ADMIN
ADDED from src\main\AndroidManifest.xml:19:5-74
	android:name
		ADDED from src\main\AndroidManifest.xml:19:22-71
uses-permission#android.permission.INTERNET
ADDED from src\main\AndroidManifest.xml:20:5-67
MERGED from [com.crashlytics.sdk.android:crashlytics:2.6.8] AndroidManifest.xml:9:5-67
MERGED from [com.crashlytics.sdk.android:beta:1.2.5] AndroidManifest.xml:9:5-67
MERGED from [com.crashlytics.sdk.android:crashlytics-core:2.3.17] AndroidManifest.xml:52:5-67
MERGED from [com.crashlytics.sdk.android:answers:1.3.13] AndroidManifest.xml:9:5-67
MERGED from [io.fabric.sdk.android:fabric:1.3.17] AndroidManifest.xml:29:5-67
MERGED from [com.google.android.gms:play-services-ads-lite:9.4.0] AndroidManifest.xml:20:5-66
MERGED from [com.google.android.gms:play-services-analytics:9.4.0] AndroidManifest.xml:21:5-67
MERGED from [com.google.android.gms:play-services-appinvite:9.4.0] AndroidManifest.xml:19:5-67
MERGED from [com.google.firebase:firebase-crash:9.4.0] AndroidManifest.xml:20:5-66
MERGED from [com.google.android.gms:play-services-gcm:9.4.0] AndroidManifest.xml:22:5-67
MERGED from [com.google.android.gms:play-services-iid:9.4.0] AndroidManifest.xml:22:5-67
MERGED from [com.google.android.gms:play-services-analytics-impl:9.4.0] AndroidManifest.xml:21:5-67
MERGED from [com.google.android.gms:play-services-tagmanager-api:9.4.0] AndroidManifest.xml:21:5-67
MERGED from [com.google.firebase:firebase-analytics:9.4.0] AndroidManifest.xml:21:5-67
MERGED from [com.google.firebase:firebase-analytics-impl:9.4.0] AndroidManifest.xml:21:5-67
MERGED from [com.google.firebase:firebase-iid:9.4.0] AndroidManifest.xml:21:5-67
MERGED from [com.google.android.gms:play-services-maps:9.4.0] AndroidManifest.xml:21:5-66
	android:name
		ADDED from src\main\AndroidManifest.xml:20:22-64
uses-permission#android.permission.ACCESS_NETWORK_STATE
ADDED from src\main\AndroidManifest.xml:21:5-79
MERGED from [com.google.android.gms:play-services-ads-lite:9.4.0] AndroidManifest.xml:21:5-78
MERGED from [com.google.android.gms:play-services-analytics:9.4.0] AndroidManifest.xml:22:5-79
MERGED from [com.google.android.gms:play-services-nearby:9.4.0] AndroidManifest.xml:5:5-79
MERGED from [com.google.android.gms:play-services-analytics-impl:9.4.0] AndroidManifest.xml:22:5-79
MERGED from [com.google.android.gms:play-services-tagmanager-api:9.4.0] AndroidManifest.xml:22:5-79
MERGED from [com.google.firebase:firebase-analytics:9.4.0] AndroidManifest.xml:22:5-79
MERGED from [com.google.firebase:firebase-analytics-impl:9.4.0] AndroidManifest.xml:22:5-79
MERGED from [com.google.firebase:firebase-iid:9.4.0] AndroidManifest.xml:20:5-79
MERGED from [com.google.android.gms:play-services-maps:9.4.0] AndroidManifest.xml:20:5-78
	android:name
		ADDED from src\main\AndroidManifest.xml:21:22-76
uses-permission#android.permission.CHANGE_NETWORK_STATE
ADDED from src\main\AndroidManifest.xml:22:5-79
	android:name
		ADDED from src\main\AndroidManifest.xml:22:22-76
uses-permission#android.permission.VIBRATE
ADDED from src\main\AndroidManifest.xml:23:5-66
	android:name
		ADDED from src\main\AndroidManifest.xml:23:22-63
uses-permission#android.permission.MANAGE_DOCUMENTS
ADDED from src\main\AndroidManifest.xml:24:5-75
	android:name
		ADDED from src\main\AndroidManifest.xml:24:22-72
uses-permission#android.permission.READ_EXTERNAL_STORAGE
ADDED from src\main\AndroidManifest.xml:25:5-80
	android:name
		ADDED from src\main\AndroidManifest.xml:25:22-77
uses-permission#android.permission.WRITE_EXTERNAL_STORAGE
ADDED from src\main\AndroidManifest.xml:26:5-81
	android:name
		ADDED from src\main\AndroidManifest.xml:26:22-78
uses-permission#android.permission.RECEIVE_BOOT_COMPLETED
ADDED from src\main\AndroidManifest.xml:27:5-81
	android:name
		ADDED from src\main\AndroidManifest.xml:27:22-78
uses-permission#android.permission.WAKE_LOCK
ADDED from src\main\AndroidManifest.xml:28:5-68
MERGED from [com.google.android.gms:play-services-analytics:9.4.0] AndroidManifest.xml:25:5-67
MERGED from [com.google.android.gms:play-services-analytics-impl:9.4.0] AndroidManifest.xml:25:5-67
MERGED from [com.google.firebase:firebase-analytics:9.4.0] AndroidManifest.xml:24:5-67
MERGED from [com.google.firebase:firebase-analytics-impl:9.4.0] AndroidManifest.xml:24:5-67
MERGED from [com.google.firebase:firebase-iid:9.4.0] AndroidManifest.xml:22:5-68
	android:name
		ADDED from src\main\AndroidManifest.xml:28:22-65
uses-permission#vn.com.vsc.ptpm.VNPT_DMS.permission.MAPS_RECEIVE
ADDED from src\main\AndroidManifest.xml:29:5-88
	android:name
		ADDED from src\main\AndroidManifest.xml:29:22-85
uses-permission#com.google.android.providers.gsf.permission.READ_GSERVICES
ADDED from src\main\AndroidManifest.xml:30:5-98
	android:name
		ADDED from src\main\AndroidManifest.xml:30:22-95
uses-permission#android.permission.ACCESS_COARSE_LOCATION
ADDED from src\main\AndroidManifest.xml:31:5-81
	android:name
		ADDED from src\main\AndroidManifest.xml:31:22-78
uses-permission#android.permission.ACCESS_FINE_LOCATION
ADDED from src\main\AndroidManifest.xml:32:5-79
	android:name
		ADDED from src\main\AndroidManifest.xml:32:22-76
uses-feature#android.hardware.location
ADDED from src\main\AndroidManifest.xml:34:5-36:35
	android:required
		ADDED from src\main\AndroidManifest.xml:36:9-32
	android:name
		ADDED from src\main\AndroidManifest.xml:35:9-49
uses-feature#android.hardware.location.gps
ADDED from src\main\AndroidManifest.xml:37:5-39:35
	android:required
		ADDED from src\main\AndroidManifest.xml:39:9-32
	android:name
		ADDED from src\main\AndroidManifest.xml:38:9-53
uses-feature#0x00020000
ADDED from src\main\AndroidManifest.xml:40:5-42:35
MERGED from [com.google.android.gms:play-services-maps:9.4.0] AndroidManifest.xml:22:5-24:33
	android:glEsVersion
		ADDED from src\main\AndroidManifest.xml:41:9-41
	android:required
		ADDED from src\main\AndroidManifest.xml:42:9-32
uses-permission#android.permission.READ_PHONE_STATE
ADDED from src\main\AndroidManifest.xml:44:5-75
	android:name
		ADDED from src\main\AndroidManifest.xml:44:22-72
application
ADDED from src\main\AndroidManifest.xml:46:5-165:19
MERGED from [com.crashlytics.sdk.android:crashlytics:2.6.8] AndroidManifest.xml:11:5-20
MERGED from [com.crashlytics.sdk.android:beta:1.2.5] AndroidManifest.xml:11:5-20
MERGED from [com.crashlytics.sdk.android:crashlytics-core:2.3.17] AndroidManifest.xml:54:5-20
MERGED from [com.crashlytics.sdk.android:answers:1.3.13] AndroidManifest.xml:11:5-20
MERGED from [io.fabric.sdk.android:fabric:1.3.17] AndroidManifest.xml:31:5-20
MERGED from [com.kaopiz:kprogresshud:1.1.0] AndroidManifest.xml:11:5-13:38
MERGED from [com.google.android.gms:play-services:9.4.0] AndroidManifest.xml:5:5-20
MERGED from [com.google.android.gms:play-services-ads-lite:9.4.0] AndroidManifest.xml:24:5-32:19
MERGED from [com.google.android.gms:play-services-analytics:9.4.0] AndroidManifest.xml:27:5-20
MERGED from [com.google.android.gms:play-services-appinvite:9.4.0] AndroidManifest.xml:20:5-30:19
MERGED from [com.google.android.gms:play-services-auth:9.4.0] AndroidManifest.xml:20:5-32:19
MERGED from [com.google.android.gms:play-services-cast-framework:9.4.0] AndroidManifest.xml:5:5-9:19
MERGED from [com.google.android.gms:play-services-cast:9.4.0] AndroidManifest.xml:19:5-20
MERGED from [com.android.support:mediarouter-v7:23.0.0] AndroidManifest.xml:22:5-20
MERGED from [com.android.support:appcompat-v7:23.0.0] AndroidManifest.xml:22:5-20
MERGED from [com.google.android.gms:play-services-clearcut:9.4.0] AndroidManifest.xml:19:5-20
MERGED from [com.google.firebase:firebase-config:9.4.0] AndroidManifest.xml:19:5-20
MERGED from [com.google.android.gms:play-services-contextmanager:9.4.0] AndroidManifest.xml:19:5-20
MERGED from [com.google.firebase:firebase-crash:9.4.0] AndroidManifest.xml:24:5-32:19
MERGED from [com.google.firebase:firebase-auth:9.4.0] AndroidManifest.xml:20:5-21:19
MERGED from [com.google.firebase:firebase-auth-common:9.4.0] AndroidManifest.xml:20:5-21:19
MERGED from [com.google.firebase:firebase-messaging:9.4.0] AndroidManifest.xml:20:5-32:19
MERGED from [com.google.android.gms:play-services-fitness:9.4.0] AndroidManifest.xml:19:5-20
MERGED from [com.google.android.gms:play-services-games:9.4.0] AndroidManifest.xml:19:5-20
MERGED from [com.google.android.gms:play-services-drive:9.4.0] AndroidManifest.xml:19:5-20
MERGED from [com.google.android.gms:play-services-gass:9.4.0] AndroidManifest.xml:19:5-20
MERGED from [com.google.android.gms:play-services-gcm:9.4.0] AndroidManifest.xml:24:5-20
MERGED from [com.google.android.gms:play-services-appindexing:9.4.0] AndroidManifest.xml:19:5-20
MERGED from [com.google.android.gms:play-services-iid:9.4.0] AndroidManifest.xml:24:5-20
MERGED from [com.google.android.gms:play-services-location:9.4.0] AndroidManifest.xml:19:5-20
MERGED from [com.google.android.gms:play-services-nearby:9.4.0] AndroidManifest.xml:6:5-20
MERGED from [com.google.android.gms:play-services-panorama:9.4.0] AndroidManifest.xml:19:5-20
MERGED from [com.google.android.gms:play-services-places:9.4.0] AndroidManifest.xml:19:5-20
MERGED from [com.google.android.gms:play-services-plus:9.4.0] AndroidManifest.xml:19:5-20
MERGED from [com.google.android.gms:play-services-safetynet:9.4.0] AndroidManifest.xml:19:5-20
MERGED from [com.google.android.gms:play-services-analytics-impl:9.4.0] AndroidManifest.xml:27:5-20
MERGED from [com.google.android.gms:play-services-tagmanager-api:9.4.0] AndroidManifest.xml:24:5-38:19
MERGED from [com.google.firebase:firebase-analytics:9.4.0] AndroidManifest.xml:26:5-41:19
MERGED from [com.google.firebase:firebase-analytics-impl:9.4.0] AndroidManifest.xml:26:5-41:19
MERGED from [com.google.firebase:firebase-iid:9.4.0] AndroidManifest.xml:30:5-59:19
MERGED from [com.google.firebase:firebase-common:9.4.0] AndroidManifest.xml:5:5-12:19
MERGED from [com.google.android.gms:play-services-vision:9.4.0] AndroidManifest.xml:5:5-20
MERGED from [com.google.android.gms:play-services-identity:9.4.0] AndroidManifest.xml:19:5-20
MERGED from [com.google.android.gms:play-services-maps:9.4.0] AndroidManifest.xml:27:5-20
MERGED from [com.google.android.gms:play-services-wearable:9.4.0] AndroidManifest.xml:19:5-20
MERGED from [com.google.android.gms:play-services-base:9.4.0] AndroidManifest.xml:19:5-23:19
MERGED from [com.google.android.gms:play-services-tasks:9.4.0] AndroidManifest.xml:5:5-20
MERGED from [com.google.android.gms:play-services-basement:9.4.0] AndroidManifest.xml:20:5-24:19
MERGED from [com.android.support:support-v4:23.0.0] AndroidManifest.xml:22:5-20
MERGED from [com.toptoche.searchablespinner:searchablespinnerlibrary:1.3.1] AndroidManifest.xml:11:5-15:19
MERGED from [com.android.support.constraint:constraint-layout:1.0.2] AndroidManifest.xml:9:5-20
	android:label
		ADDED from src\main\AndroidManifest.xml:50:9-41
	android:supportsRtl
		ADDED from [com.kaopiz:kprogresshud:1.1.0] AndroidManifest.xml:13:9-35
	android:allowBackup
		ADDED from src\main\AndroidManifest.xml:48:9-35
	android:icon
		ADDED from src\main\AndroidManifest.xml:49:9-45
	android:largeHeap
		ADDED from src\main\AndroidManifest.xml:51:9-33
	android:theme
		ADDED from src\main\AndroidManifest.xml:52:9-39
	android:name
		ADDED from src\main\AndroidManifest.xml:47:9-68
meta-data#com.google.android.gms.version
ADDED from src\main\AndroidManifest.xml:53:9-55:69
MERGED from [com.google.android.gms:play-services-basement:9.4.0] AndroidManifest.xml:21:9-23:69
	android:value
		ADDED from src\main\AndroidManifest.xml:55:13-66
	android:name
		ADDED from src\main\AndroidManifest.xml:54:13-58
meta-data#com.google.android.maps.v2.API_KEY
ADDED from src\main\AndroidManifest.xml:56:9-58:55
	android:value
		ADDED from src\main\AndroidManifest.xml:58:13-52
	android:name
		ADDED from src\main\AndroidManifest.xml:57:13-62
activity#vn.com.vsc.ptpm.VNPT_DMS.view.activities.Login
ADDED from src\main\AndroidManifest.xml:60:9-70:20
	android:screenOrientation
		ADDED from src\main\AndroidManifest.xml:64:13-56
	android:label
		ADDED from src\main\AndroidManifest.xml:62:13-45
	android:launchMode
		ADDED from src\main\AndroidManifest.xml:63:13-48
	android:name
		ADDED from src\main\AndroidManifest.xml:61:13-50
intent-filter#android.intent.action.MAIN+android.intent.category.LAUNCHER
ADDED from src\main\AndroidManifest.xml:65:13-69:29
action#android.intent.action.MAIN
ADDED from src\main\AndroidManifest.xml:66:17-69
	android:name
		ADDED from src\main\AndroidManifest.xml:66:25-66
category#android.intent.category.LAUNCHER
ADDED from src\main\AndroidManifest.xml:68:17-77
	android:name
		ADDED from src\main\AndroidManifest.xml:68:27-74
activity#vn.com.vsc.ptpm.VNPT_DMS.view.activities.MainActivity
ADDED from src\main\AndroidManifest.xml:71:9-74:59
	android:screenOrientation
		ADDED from src\main\AndroidManifest.xml:74:13-56
	android:label
		ADDED from src\main\AndroidManifest.xml:73:13-57
	android:name
		ADDED from src\main\AndroidManifest.xml:72:13-57
activity#vn.com.vsc.ptpm.VNPT_DMS.view.activities.MapActivity
ADDED from src\main\AndroidManifest.xml:75:9-82:20
	android:screenOrientation
		ADDED from src\main\AndroidManifest.xml:78:13-56
	android:label
		ADDED from src\main\AndroidManifest.xml:77:13-55
	android:name
		ADDED from src\main\AndroidManifest.xml:76:13-56
meta-data#android.support.PARENT_ACTIVITY
ADDED from src\main\AndroidManifest.xml:79:13-81:65
	android:value
		ADDED from src\main\AndroidManifest.xml:81:17-62
	android:name
		ADDED from src\main\AndroidManifest.xml:80:17-63
activity#vn.com.vsc.ptpm.VNPT_DMS.vn.BaoCaoActivity
ADDED from src\main\AndroidManifest.xml:83:9-86:59
	android:screenOrientation
		ADDED from src\main\AndroidManifest.xml:86:13-56
	android:label
		ADDED from src\main\AndroidManifest.xml:85:13-59
	android:name
		ADDED from src\main\AndroidManifest.xml:84:13-46
activity#vn.com.vsc.ptpm.VNPT_DMS.vn.UploadActivity
ADDED from src\main\AndroidManifest.xml:87:9-90:59
	android:screenOrientation
		ADDED from src\main\AndroidManifest.xml:90:13-56
	android:label
		ADDED from src\main\AndroidManifest.xml:89:13-58
	android:name
		ADDED from src\main\AndroidManifest.xml:88:13-46
activity#vn.com.vsc.ptpm.VNPT_DMS.view.activities.AddrActivity
ADDED from src\main\AndroidManifest.xml:91:9-94:59
	android:screenOrientation
		ADDED from src\main\AndroidManifest.xml:94:13-56
	android:label
		ADDED from src\main\AndroidManifest.xml:93:13-51
	android:name
		ADDED from src\main\AndroidManifest.xml:92:13-57
activity#vn.com.vsc.ptpm.VNPT_DMS.view.activities.Addr2Activity
ADDED from src\main\AndroidManifest.xml:95:9-98:59
	android:screenOrientation
		ADDED from src\main\AndroidManifest.xml:98:13-56
	android:label
		ADDED from src\main\AndroidManifest.xml:97:13-52
	android:name
		ADDED from src\main\AndroidManifest.xml:96:13-58
activity#vn.com.vsc.ptpm.VNPT_DMS.view.activities.DataDetailOffline
ADDED from src\main\AndroidManifest.xml:99:9-102:59
	android:screenOrientation
		ADDED from src\main\AndroidManifest.xml:102:13-56
	android:label
		ADDED from src\main\AndroidManifest.xml:101:13-55
	android:name
		ADDED from src\main\AndroidManifest.xml:100:13-62
activity#vn.com.vsc.ptpm.VNPT_DMS.view.activities.DataDetailSync
ADDED from src\main\AndroidManifest.xml:103:9-106:59
	android:screenOrientation
		ADDED from src\main\AndroidManifest.xml:106:13-56
	android:label
		ADDED from src\main\AndroidManifest.xml:105:13-52
	android:name
		ADDED from src\main\AndroidManifest.xml:104:13-59
activity#vn.com.vsc.ptpm.VNPT_DMS.view.activities.ImagePopupActivity
ADDED from src\main\AndroidManifest.xml:107:9-110:82
	android:screenOrientation
		ADDED from src\main\AndroidManifest.xml:109:13-56
	android:theme
		ADDED from src\main\AndroidManifest.xml:110:13-79
	android:name
		ADDED from src\main\AndroidManifest.xml:108:13-63
service#vn.com.vsc.ptpm.VNPT_DMS.common.LocationUpdate.LocationService
ADDED from src\main\AndroidManifest.xml:112:9-119:19
	android:enabled
		ADDED from src\main\AndroidManifest.xml:114:13-35
	android:exported
		ADDED from src\main\AndroidManifest.xml:115:13-36
	android:name
		ADDED from src\main\AndroidManifest.xml:113:13-66
intent-filter#vn.com.vsc.ptpm.VNPT_DMS.common.LocationUpdate.LocationService
ADDED from src\main\AndroidManifest.xml:116:13-118:29
action#vn.com.vsc.ptpm.VNPT_DMS.common.LocationUpdate.LocationService
ADDED from src\main\AndroidManifest.xml:117:17-105
	android:name
		ADDED from src\main\AndroidManifest.xml:117:25-102
service#vn.com.vsc.ptpm.VNPT_DMS.common.LocationUpdate.SendDataLocationService
ADDED from src\main\AndroidManifest.xml:120:9-127:19
	android:enabled
		ADDED from src\main\AndroidManifest.xml:122:13-35
	android:exported
		ADDED from src\main\AndroidManifest.xml:123:13-36
	android:name
		ADDED from src\main\AndroidManifest.xml:121:13-74
intent-filter#vn.com.vsc.ptpm.VNPT_DMS.common.LocationUpdate.SendDataLocationService
ADDED from src\main\AndroidManifest.xml:124:13-126:29
action#vn.com.vsc.ptpm.VNPT_DMS.common.LocationUpdate.SendDataLocationService
ADDED from src\main\AndroidManifest.xml:125:17-113
	android:name
		ADDED from src\main\AndroidManifest.xml:125:25-110
service#vn.com.vsc.ptpm.VNPT_DMS.dao.service.CheckIntentService
ADDED from src\main\AndroidManifest.xml:128:9-136:19
	android:enabled
		ADDED from src\main\AndroidManifest.xml:130:13-35
	android:process
		ADDED from src\main\AndroidManifest.xml:132:13-38
	android:exported
		ADDED from src\main\AndroidManifest.xml:131:13-36
	android:name
		ADDED from src\main\AndroidManifest.xml:129:13-59
intent-filter#vn.com.vsc.ptpm.VNPT_DMS.dao.service.CheckIntentService
ADDED from src\main\AndroidManifest.xml:133:13-135:29
action#vn.com.vsc.ptpm.VNPT_DMS.dao.service.CheckIntentService
ADDED from src\main\AndroidManifest.xml:134:17-98
	android:name
		ADDED from src\main\AndroidManifest.xml:134:25-95
receiver#vn.com.vsc.ptpm.VNPT_DMS.vn.BootReceiver
ADDED from src\main\AndroidManifest.xml:138:9-143:20
	android:name
		ADDED from src\main\AndroidManifest.xml:138:19-50
intent-filter#.vn.BootReceiver+android.intent.action.BOOT_COMPLETED
ADDED from src\main\AndroidManifest.xml:139:13-142:29
action#android.intent.action.BOOT_COMPLETED
ADDED from src\main\AndroidManifest.xml:140:17-79
	android:name
		ADDED from src\main\AndroidManifest.xml:140:25-76
action#.vn.BootReceiver
ADDED from src\main\AndroidManifest.xml:141:17-59
	android:name
		ADDED from src\main\AndroidManifest.xml:141:25-56
receiver#vn.com.vsc.ptpm.VNPT_DMS.Utils.NetworkStateReceiver
ADDED from src\main\AndroidManifest.xml:144:9-148:20
	android:name
		ADDED from src\main\AndroidManifest.xml:144:19-61
intent-filter#android.net.conn.CONNECTIVITY_CHANGE
ADDED from src\main\AndroidManifest.xml:145:13-147:29
action#android.net.conn.CONNECTIVITY_CHANGE
ADDED from src\main\AndroidManifest.xml:146:17-79
	android:name
		ADDED from src\main\AndroidManifest.xml:146:25-76
receiver#vn.com.vsc.ptpm.VNPT_DMS.common.LocationUpdate.RestartServiceReceiver
ADDED from src\main\AndroidManifest.xml:149:9-153:20
	android:name
		ADDED from src\main\AndroidManifest.xml:149:19-79
intent-filter#YouWillNeverKillService
ADDED from src\main\AndroidManifest.xml:150:13-152:29
action#YouWillNeverKillService
ADDED from src\main\AndroidManifest.xml:151:17-66
	android:name
		ADDED from src\main\AndroidManifest.xml:151:25-63
meta-data#io.fabric.ApiKey
ADDED from src\main\AndroidManifest.xml:155:9-157:72
	android:value
		ADDED from src\main\AndroidManifest.xml:157:13-69
	android:name
		ADDED from src\main\AndroidManifest.xml:156:13-44
activity#vn.com.vsc.ptpm.VNPT_DMS.view.activities.glab.DeviceListActivity
ADDED from src\main\AndroidManifest.xml:159:9-161:73
	android:theme
		ADDED from src\main\AndroidManifest.xml:161:13-70
	android:name
		ADDED from src\main\AndroidManifest.xml:160:13-68
activity#vn.com.vsc.ptpm.VNPT_DMS.view.activities.glab.PrintActivity
ADDED from src\main\AndroidManifest.xml:162:9-164:72
	android:theme
		ADDED from src\main\AndroidManifest.xml:164:13-70
	android:name
		ADDED from src\main\AndroidManifest.xml:163:13-63
activity#com.google.android.gms.ads.AdActivity
ADDED from [com.google.android.gms:play-services-ads-lite:9.4.0] AndroidManifest.xml:26:9-29:64
	android:configChanges
		ADDED from [com.google.android.gms:play-services-ads-lite:9.4.0] AndroidManifest.xml:28:13-122
	android:theme
		ADDED from [com.google.android.gms:play-services-ads-lite:9.4.0] AndroidManifest.xml:29:13-61
	android:name
		ADDED from [com.google.android.gms:play-services-ads-lite:9.4.0] AndroidManifest.xml:27:13-65
activity#com.google.android.gms.ads.purchase.InAppPurchaseActivity
ADDED from [com.google.android.gms:play-services-ads-lite:9.4.0] AndroidManifest.xml:30:9-31:52
	android:theme
		ADDED from [com.google.android.gms:play-services-ads-lite:9.4.0] AndroidManifest.xml:31:13-50
	android:name
		ADDED from [com.google.android.gms:play-services-ads-lite:9.4.0] AndroidManifest.xml:30:19-91
activity#com.google.android.gms.appinvite.PreviewActivity
ADDED from [com.google.android.gms:play-services-appinvite:9.4.0] AndroidManifest.xml:21:9-29:20
	android:exported
		ADDED from [com.google.android.gms:play-services-appinvite:9.4.0] AndroidManifest.xml:23:17-40
	android:theme
		ADDED from [com.google.android.gms:play-services-appinvite:9.4.0] AndroidManifest.xml:24:17-63
	android:name
		ADDED from [com.google.android.gms:play-services-appinvite:9.4.0] AndroidManifest.xml:22:17-48
intent-filter#android.intent.category.DEFAULT+com.google.android.gms.appinvite.ACTION_PREVIEW
ADDED from [com.google.android.gms:play-services-appinvite:9.4.0] AndroidManifest.xml:25:13-28:29
action#com.google.android.gms.appinvite.ACTION_PREVIEW
ADDED from [com.google.android.gms:play-services-appinvite:9.4.0] AndroidManifest.xml:26:17-89
	android:name
		ADDED from [com.google.android.gms:play-services-appinvite:9.4.0] AndroidManifest.xml:26:25-87
category#android.intent.category.DEFAULT
ADDED from [com.google.android.gms:play-services-appinvite:9.4.0] AndroidManifest.xml:27:17-75
	android:name
		ADDED from [com.google.android.gms:play-services-appinvite:9.4.0] AndroidManifest.xml:27:27-73
activity#com.google.android.gms.auth.api.signin.internal.SignInHubActivity
ADDED from [com.google.android.gms:play-services-auth:9.4.0] AndroidManifest.xml:21:9-24:46
	android:excludeFromRecents
		ADDED from [com.google.android.gms:play-services-auth:9.4.0] AndroidManifest.xml:23:19-52
	android:exported
		ADDED from [com.google.android.gms:play-services-auth:9.4.0] AndroidManifest.xml:24:19-43
	android:theme
		ADDED from [com.google.android.gms:play-services-auth:9.4.0] AndroidManifest.xml:22:19-78
	android:name
		ADDED from [com.google.android.gms:play-services-auth:9.4.0] AndroidManifest.xml:21:19-68
service#com.google.android.gms.auth.api.signin.RevocationBoundService